This file contains any messages produced by compilers while
running configure, to aid debugging if configure makes a mistake.

It was created by libfproj4 configure 1.0, which was
generated by GNU Autoconf 2.69.  Invocation command line was

  $ ./configure --with-proj4=/home/arnau.bunuel/MOHID-Lagrangian-new2/MOHID-Lagrangian/ExternalLibs/Proj4/Linux/proj-4.9.3/build --prefix=/home/arnau.bunuel/MOHID-Lagrangian-new2/MOHID-Lagrangian/ExternalLibs/Proj4/Linux/proj4-fortran/build

## --------- ##
## Platform. ##
## --------- ##

hostname = zeus04
uname -m = x86_64
uname -r = 5.4.0-153-generic
uname -s = Linux
uname -v = #170-Ubuntu SMP Fri Jun 16 13:43:31 UTC 2023

/usr/bin/uname -p = x86_64
/bin/uname -X     = unknown

/bin/arch              = x86_64
/usr/bin/arch -k       = unknown
/usr/convex/getsysinfo = unknown
/usr/bin/hostinfo      = unknown
/bin/machine           = unknown
/usr/bin/oslevel       = unknown
/bin/universe          = unknown

PATH: /home/software/Programas/ParaView-5.6.0/bin
PATH: /home/arnau.bunuel/anaconda3/envs/MOHID-Lagrangian/bin
PATH: /home/arnau.bunuel/anaconda3/condabin
PATH: /opt/intel/oneapi/compiler/2023.0.0/linux/lib/oclfpga/bin
PATH: /opt/intel/oneapi/compiler/2023.0.0/linux/bin/intel64
PATH: /opt/intel/oneapi/compiler/2023.0.0/linux/bin
PATH: /usr/local/sbin
PATH: /usr/local/bin
PATH: /usr/sbin
PATH: /usr/bin
PATH: /sbin
PATH: /bin
PATH: /usr/games
PATH: /usr/local/games
PATH: /snap/bin
PATH: /home/arnau.bunuel/MOHID-Lagrangian-new2/MOHID-Lagrangian/ExternalLibs/Netcdf_4.4.1.1/Linux/build/bin
PATH: /home/arnau.bunuel/MOHID-Lagrangian-new2/MOHID-Lagrangian/ExternalLibs/Netcdf_4.4.1.1/Linux/build/lib
PATH: /home/arnau.bunuel/MOHID-Lagrangian-new2/MOHID-Lagrangian/ExternalLibs/Netcdf_4.4.1.1/Linux/build/include


## ----------- ##
## Core tests. ##
## ----------- ##

configure:1938: checking for a BSD-compatible install
configure:2006: result: /usr/bin/install -c
configure:2017: checking whether build environment is sane
configure:2072: result: yes
configure:2221: checking for a thread-safe mkdir -p
configure:2260: result: /usr/bin/mkdir -p
configure:2267: checking for gawk
configure:2283: found /usr/bin/gawk
configure:2294: result: gawk
configure:2305: checking whether make sets $(MAKE)
configure:2327: result: yes
configure:2356: checking whether make supports nested variables
configure:2373: result: yes
configure:2548: checking for gcc
configure:2575: result: /usr/bin/gcc
configure:2804: checking for C compiler version
configure:2813: /usr/bin/gcc --version >&5
gcc (Ubuntu 9.4.0-1ubuntu1~20.04.2) 9.4.0
Copyright (C) 2019 Free Software Foundation, Inc.
This is free software; see the source for copying conditions.  There is NO
warranty; not even for MERCHANTABILITY or FITNESS FOR A PARTICULAR PURPOSE.

configure:2824: $? = 0
configure:2813: /usr/bin/gcc -v >&5
Using built-in specs.
COLLECT_GCC=/usr/bin/gcc
COLLECT_LTO_WRAPPER=/usr/lib/gcc/x86_64-linux-gnu/9/lto-wrapper
OFFLOAD_TARGET_NAMES=nvptx-none:hsa
OFFLOAD_TARGET_DEFAULT=1
Target: x86_64-linux-gnu
Configured with: ../src/configure -v --with-pkgversion='Ubuntu 9.4.0-1ubuntu1~20.04.2' --with-bugurl=file:///usr/share/doc/gcc-9/README.Bugs --enable-languages=c,ada,c++,go,brig,d,fortran,objc,obj-c++,gm2 --prefix=/usr --with-gcc-major-version-only --program-suffix=-9 --program-prefix=x86_64-linux-gnu- --enable-shared --enable-linker-build-id --libexecdir=/usr/lib --without-included-gettext --enable-threads=posix --libdir=/usr/lib --enable-nls --enable-clocale=gnu --enable-libstdcxx-debug --enable-libstdcxx-time=yes --with-default-libstdcxx-abi=new --enable-gnu-unique-object --disable-vtable-verify --enable-plugin --enable-default-pie --with-system-zlib --with-target-system-zlib=auto --enable-objc-gc=auto --enable-multiarch --disable-werror --with-arch-32=i686 --with-abi=m64 --with-multilib-list=m32,m64,mx32 --enable-multilib --with-tune=generic --enable-offload-targets=nvptx-none=/build/gcc-9-9QDOt0/gcc-9-9.4.0/debian/tmp-nvptx/usr,hsa --without-cuda-driver --enable-checking=release --build=x86_64-linux-gnu --host=x86_64-linux-gnu --target=x86_64-linux-gnu
Thread model: posix
gcc version 9.4.0 (Ubuntu 9.4.0-1ubuntu1~20.04.2) 
configure:2824: $? = 0
configure:2813: /usr/bin/gcc -V >&5
gcc: error: unrecognized command line option '-V'
gcc: fatal error: no input files
compilation terminated.
configure:2824: $? = 1
configure:2813: /usr/bin/gcc -qversion >&5
gcc: error: unrecognized command line option '-qversion'; did you mean '--version'?
gcc: fatal error: no input files
compilation terminated.
configure:2824: $? = 1
configure:2844: checking whether the C compiler works
configure:2866: /usr/bin/gcc -O3 -fPIC -I/home/arnau.bunuel/MOHID-Lagrangian-new2/MOHID-Lagrangian/ExternalLibs/HDF5_1.8.17_x64/Linux/hdf5/include -I/home/arnau.bunuel/MOHID-Lagrangian-new2/MOHID-Lagrangian/ExternalLibs/zlib-1.2.11/build/include -I/home/arnau.bunuel/MOHID-Lagrangian-new2/MOHID-Lagrangian/ExternalLibs/Netcdf_4.4.1.1/Linux/build/include -L/home/arnau.bunuel/MOHID-Lagrangian-new2/MOHID-Lagrangian/ExternalLibs/HDF5_1.8.17_x64/Linux/hdf5/lib -L/home/arnau.bunuel/MOHID-Lagrangian-new2/MOHID-Lagrangian/ExternalLibs/zlib-1.2.11/build/lib -L/home/arnau.bunuel/MOHID-Lagrangian-new2/MOHID-Lagrangian/ExternalLibs/Netcdf_4.4.1.1/Linux/build/lib conftest.c  >&5
configure:2870: $? = 0
configure:2918: result: yes
configure:2921: checking for C compiler default output file name
configure:2923: result: a.out
configure:2929: checking for suffix of executables
configure:2936: /usr/bin/gcc -o conftest -O3 -fPIC -I/home/arnau.bunuel/MOHID-Lagrangian-new2/MOHID-Lagrangian/ExternalLibs/HDF5_1.8.17_x64/Linux/hdf5/include -I/home/arnau.bunuel/MOHID-Lagrangian-new2/MOHID-Lagrangian/ExternalLibs/zlib-1.2.11/build/include -I/home/arnau.bunuel/MOHID-Lagrangian-new2/MOHID-Lagrangian/ExternalLibs/Netcdf_4.4.1.1/Linux/build/include -L/home/arnau.bunuel/MOHID-Lagrangian-new2/MOHID-Lagrangian/ExternalLibs/HDF5_1.8.17_x64/Linux/hdf5/lib -L/home/arnau.bunuel/MOHID-Lagrangian-new2/MOHID-Lagrangian/ExternalLibs/zlib-1.2.11/build/lib -L/home/arnau.bunuel/MOHID-Lagrangian-new2/MOHID-Lagrangian/ExternalLibs/Netcdf_4.4.1.1/Linux/build/lib conftest.c  >&5
configure:2940: $? = 0
configure:2962: result: 
configure:2984: checking whether we are cross compiling
configure:2992: /usr/bin/gcc -o conftest -O3 -fPIC -I/home/arnau.bunuel/MOHID-Lagrangian-new2/MOHID-Lagrangian/ExternalLibs/HDF5_1.8.17_x64/Linux/hdf5/include -I/home/arnau.bunuel/MOHID-Lagrangian-new2/MOHID-Lagrangian/ExternalLibs/zlib-1.2.11/build/include -I/home/arnau.bunuel/MOHID-Lagrangian-new2/MOHID-Lagrangian/ExternalLibs/Netcdf_4.4.1.1/Linux/build/include -L/home/arnau.bunuel/MOHID-Lagrangian-new2/MOHID-Lagrangian/ExternalLibs/HDF5_1.8.17_x64/Linux/hdf5/lib -L/home/arnau.bunuel/MOHID-Lagrangian-new2/MOHID-Lagrangian/ExternalLibs/zlib-1.2.11/build/lib -L/home/arnau.bunuel/MOHID-Lagrangian-new2/MOHID-Lagrangian/ExternalLibs/Netcdf_4.4.1.1/Linux/build/lib conftest.c  >&5
configure:2996: $? = 0
configure:3003: ./conftest
configure:3007: $? = 0
configure:2995: result: no
configure:3000: checking for suffix of object files
configure:3022: /usr/bin/gcc -c -O3 -fPIC -I/home/arnau.bunuel/MOHID-Lagrangian-new2/MOHID-Lagrangian/ExternalLibs/HDF5_1.8.17_x64/Linux/hdf5/include -I/home/arnau.bunuel/MOHID-Lagrangian-new2/MOHID-Lagrangian/ExternalLibs/zlib-1.2.11/build/include -I/home/arnau.bunuel/MOHID-Lagrangian-new2/MOHID-Lagrangian/ExternalLibs/Netcdf_4.4.1.1/Linux/build/include conftest.c >&5
configure:3026: $? = 0
configure:3047: result: o
configure:3051: checking whether we are using the GNU C compiler
configure:3070: /usr/bin/gcc -c -O3 -fPIC -I/home/arnau.bunuel/MOHID-Lagrangian-new2/MOHID-Lagrangian/ExternalLibs/HDF5_1.8.17_x64/Linux/hdf5/include -I/home/arnau.bunuel/MOHID-Lagrangian-new2/MOHID-Lagrangian/ExternalLibs/zlib-1.2.11/build/include -I/home/arnau.bunuel/MOHID-Lagrangian-new2/MOHID-Lagrangian/ExternalLibs/Netcdf_4.4.1.1/Linux/build/include conftest.c >&5
configure:3070: $? = 0
configure:3079: result: yes
configure:3088: checking whether /usr/bin/gcc accepts -g
configure:3108: /usr/bin/gcc -c -g -I/home/arnau.bunuel/MOHID-Lagrangian-new2/MOHID-Lagrangian/ExternalLibs/HDF5_1.8.17_x64/Linux/hdf5/include -I/home/arnau.bunuel/MOHID-Lagrangian-new2/MOHID-Lagrangian/ExternalLibs/zlib-1.2.11/build/include -I/home/arnau.bunuel/MOHID-Lagrangian-new2/MOHID-Lagrangian/ExternalLibs/Netcdf_4.4.1.1/Linux/build/include conftest.c >&5
configure:3108: $? = 0
configure:3149: result: yes
configure:3166: checking for /usr/bin/gcc option to accept ISO C89
configure:3229: /usr/bin/gcc  -c -O3 -fPIC -I/home/arnau.bunuel/MOHID-Lagrangian-new2/MOHID-Lagrangian/ExternalLibs/HDF5_1.8.17_x64/Linux/hdf5/include -I/home/arnau.bunuel/MOHID-Lagrangian-new2/MOHID-Lagrangian/ExternalLibs/zlib-1.2.11/build/include -I/home/arnau.bunuel/MOHID-Lagrangian-new2/MOHID-Lagrangian/ExternalLibs/Netcdf_4.4.1.1/Linux/build/include conftest.c >&5
configure:3229: $? = 0
configure:3242: result: none needed
configure:3267: checking whether /usr/bin/gcc understands -c and -o together
configure:3289: /usr/bin/gcc -c conftest.c -o conftest2.o
configure:3292: $? = 0
configure:3289: /usr/bin/gcc -c conftest.c -o conftest2.o
configure:3292: $? = 0
configure:3304: result: yes
configure:3324: checking whether make supports the include directive
configure:3339: make -f confmf.GNU && cat confinc.out
this is the am__doit target
configure:3342: $? = 0
configure:3361: result: yes (GNU style)
configure:3386: checking dependency style of /usr/bin/gcc
configure:3497: result: gcc3
configure:3555: checking for ranlib
configure:3571: found /usr/bin/ranlib
configure:3582: result: ranlib
configure:3710: checking for Fortran compiler version
configure:3719: /usr/bin/gfortran --version >&5
GNU Fortran (Ubuntu 9.4.0-1ubuntu1~20.04.2) 9.4.0
Copyright (C) 2019 Free Software Foundation, Inc.
This is free software; see the source for copying conditions.  There is NO
warranty; not even for MERCHANTABILITY or FITNESS FOR A PARTICULAR PURPOSE.

configure:3730: $? = 0
configure:3719: /usr/bin/gfortran -v >&5
Using built-in specs.
COLLECT_GCC=/usr/bin/gfortran
COLLECT_LTO_WRAPPER=/usr/lib/gcc/x86_64-linux-gnu/9/lto-wrapper
OFFLOAD_TARGET_NAMES=nvptx-none:hsa
OFFLOAD_TARGET_DEFAULT=1
Target: x86_64-linux-gnu
Configured with: ../src/configure -v --with-pkgversion='Ubuntu 9.4.0-1ubuntu1~20.04.2' --with-bugurl=file:///usr/share/doc/gcc-9/README.Bugs --enable-languages=c,ada,c++,go,brig,d,fortran,objc,obj-c++,gm2 --prefix=/usr --with-gcc-major-version-only --program-suffix=-9 --program-prefix=x86_64-linux-gnu- --enable-shared --enable-linker-build-id --libexecdir=/usr/lib --without-included-gettext --enable-threads=posix --libdir=/usr/lib --enable-nls --enable-clocale=gnu --enable-libstdcxx-debug --enable-libstdcxx-time=yes --with-default-libstdcxx-abi=new --enable-gnu-unique-object --disable-vtable-verify --enable-plugin --enable-default-pie --with-system-zlib --with-target-system-zlib=auto --enable-objc-gc=auto --enable-multiarch --disable-werror --with-arch-32=i686 --with-abi=m64 --with-multilib-list=m32,m64,mx32 --enable-multilib --with-tune=generic --enable-offload-targets=nvptx-none=/build/gcc-9-9QDOt0/gcc-9-9.4.0/debian/tmp-nvptx/usr,hsa --without-cuda-driver --enable-checking=release --build=x86_64-linux-gnu --host=x86_64-linux-gnu --target=x86_64-linux-gnu
Thread model: posix
gcc version 9.4.0 (Ubuntu 9.4.0-1ubuntu1~20.04.2) 
configure:3730: $? = 0
configure:3719: /usr/bin/gfortran -V >&5
gfortran: error: unrecognized command line option '-V'
gfortran: fatal error: no input files
compilation terminated.
configure:3730: $? = 1
configure:3719: /usr/bin/gfortran -qversion >&5
gfortran: error: unrecognized command line option '-qversion'; did you mean '--version'?
gfortran: fatal error: no input files
compilation terminated.
configure:3730: $? = 1
configure:3739: checking whether we are using the GNU Fortran compiler
configure:3752: /usr/bin/gfortran -c -O3  conftest.F >&5
configure:3752: $? = 0
configure:3761: result: yes
configure:3767: checking whether /usr/bin/gfortran accepts -g
configure:3778: /usr/bin/gfortran -c -g  conftest.f >&5
configure:3778: $? = 0
configure:3786: result: yes
configure:3825: checking for Fortran flag to compile .f90 files
configure:3845: /usr/bin/gfortran -c -O3  conftest.f90 >&5
configure:3845: $? = 0
configure:3854: result: none
configure:3880: /usr/bin/gfortran -c -O3  conftest.f90 >&5
configure:3880: $? = 0
configure:3896: checking for exp in -lm
configure:3921: /usr/bin/gcc -o conftest -O3 -fPIC -I/home/arnau.bunuel/MOHID-Lagrangian-new2/MOHID-Lagrangian/ExternalLibs/HDF5_1.8.17_x64/Linux/hdf5/include -I/home/arnau.bunuel/MOHID-Lagrangian-new2/MOHID-Lagrangian/ExternalLibs/zlib-1.2.11/build/include -I/home/arnau.bunuel/MOHID-Lagrangian-new2/MOHID-Lagrangian/ExternalLibs/Netcdf_4.4.1.1/Linux/build/include -L/home/arnau.bunuel/MOHID-Lagrangian-new2/MOHID-Lagrangian/ExternalLibs/HDF5_1.8.17_x64/Linux/hdf5/lib -L/home/arnau.bunuel/MOHID-Lagrangian-new2/MOHID-Lagrangian/ExternalLibs/zlib-1.2.11/build/lib -L/home/arnau.bunuel/MOHID-Lagrangian-new2/MOHID-Lagrangian/ExternalLibs/Netcdf_4.4.1.1/Linux/build/lib conftest.c -lm   >&5
conftest.c:18:6: warning: conflicting types for built-in function 'exp'; expected 'double(double)' [-Wbuiltin-declaration-mismatch]
   18 | char exp ();
      |      ^~~
conftest.c:1:1: note: 'exp' is declared in header '<math.h>'
    1 | /* confdefs.h */
configure:3921: $? = 0
configure:3930: result: yes
configure:3948: result: proj4 location: /home/arnau.bunuel/MOHID-Lagrangian-new2/MOHID-Lagrangian/ExternalLibs/Proj4/Linux/proj-4.9.3/build
configure:3954: checking for pj_init in -lproj
configure:3979: /usr/bin/gcc -o conftest -O3 -fPIC -I/home/arnau.bunuel/MOHID-Lagrangian-new2/MOHID-Lagrangian/ExternalLibs/HDF5_1.8.17_x64/Linux/hdf5/include -I/home/arnau.bunuel/MOHID-Lagrangian-new2/MOHID-Lagrangian/ExternalLibs/zlib-1.2.11/build/include -I/home/arnau.bunuel/MOHID-Lagrangian-new2/MOHID-Lagrangian/ExternalLibs/Netcdf_4.4.1.1/Linux/build/include -I/home/arnau.bunuel/MOHID-Lagrangian-new2/MOHID-Lagrangian/ExternalLibs/Proj4/Linux/proj-4.9.3/build/include -L/home/arnau.bunuel/MOHID-Lagrangian-new2/MOHID-Lagrangian/ExternalLibs/HDF5_1.8.17_x64/Linux/hdf5/lib -L/home/arnau.bunuel/MOHID-Lagrangian-new2/MOHID-Lagrangian/ExternalLibs/zlib-1.2.11/build/lib -L/home/arnau.bunuel/MOHID-Lagrangian-new2/MOHID-Lagrangian/ExternalLibs/Netcdf_4.4.1.1/Linux/build/lib -L/home/arnau.bunuel/MOHID-Lagrangian-new2/MOHID-Lagrangian/ExternalLibs/Proj4/Linux/proj-4.9.3/build/lib conftest.c -lproj  -lm  >&5
configure:3979: $? = 0
configure:3988: result: yes
configure:4144: checking that generated files are newer than configure
configure:4150: result: done
configure:4173: creating ./config.status

## ---------------------- ##
## Running config.status. ##
## ---------------------- ##

This file was extended by libfproj4 config.status 1.0, which was
generated by GNU Autoconf 2.69.  Invocation command line was

  CONFIG_FILES    = 
  CONFIG_HEADERS  = 
  CONFIG_LINKS    = 
  CONFIG_COMMANDS = 
  $ ./config.status 

on zeus04

config.status:778: creating Makefile
config.status:950: executing depfiles commands
config.status:1027: cd .       && sed -e '/# am--include-marker/d' Makefile         | make -f - am--depfiles
make: Nothing to be done for 'am--depfiles'.
config.status:1032: $? = 0

## ---------------- ##
## Cache variables. ##
## ---------------- ##

ac_cv_c_compiler_gnu=yes
ac_cv_env_CC_set=set
ac_cv_env_CC_value=/usr/bin/gcc
ac_cv_env_CFLAGS_set=set
ac_cv_env_CFLAGS_value='-O3 -fPIC'
ac_cv_env_CPPFLAGS_set=set
ac_cv_env_CPPFLAGS_value='-I/home/arnau.bunuel/MOHID-Lagrangian-new2/MOHID-Lagrangian/ExternalLibs/HDF5_1.8.17_x64/Linux/hdf5/include -I/home/arnau.bunuel/MOHID-Lagrangian-new2/MOHID-Lagrangian/ExternalLibs/zlib-1.2.11/build/include -I/home/arnau.bunuel/MOHID-Lagrangian-new2/MOHID-Lagrangian/ExternalLibs/Netcdf_4.4.1.1/Linux/build/include'
ac_cv_env_FCFLAGS_set=set
ac_cv_env_FCFLAGS_value=-O3
ac_cv_env_FC_set=set
ac_cv_env_FC_value=/usr/bin/gfortran
ac_cv_env_LDFLAGS_set=set
ac_cv_env_LDFLAGS_value='-L/home/arnau.bunuel/MOHID-Lagrangian-new2/MOHID-Lagrangian/ExternalLibs/HDF5_1.8.17_x64/Linux/hdf5/lib -L/home/arnau.bunuel/MOHID-Lagrangian-new2/MOHID-Lagrangian/ExternalLibs/zlib-1.2.11/build/lib -L/home/arnau.bunuel/MOHID-Lagrangian-new2/MOHID-Lagrangian/ExternalLibs/Netcdf_4.4.1.1/Linux/build/lib'
ac_cv_env_LIBS_set=
ac_cv_env_LIBS_value=
ac_cv_env_build_alias_set=
ac_cv_env_build_alias_value=
ac_cv_env_host_alias_set=
ac_cv_env_host_alias_value=
ac_cv_env_target_alias_set=
ac_cv_env_target_alias_value=
ac_cv_fc_compiler_gnu=yes
ac_cv_fc_srcext_f90=none
ac_cv_lib_m_exp=yes
ac_cv_lib_proj_pj_init=yes
ac_cv_objext=o
ac_cv_path_install='/usr/bin/install -c'
ac_cv_path_mkdir=/usr/bin/mkdir
ac_cv_prog_AWK=gawk
ac_cv_prog_ac_ct_CC=/usr/bin/gcc
ac_cv_prog_ac_ct_RANLIB=ranlib
ac_cv_prog_cc_c89=
ac_cv_prog_cc_g=yes
ac_cv_prog_fc_g=yes
ac_cv_prog_make_make_set=yes
am_cv_CC_dependencies_compiler_type=gcc3
am_cv_make_support_nested_variables=yes
am_cv_prog_cc_c_o=yes

## ----------------- ##
## Output variables. ##
## ----------------- ##

ACLOCAL='${SHELL} /home/arnau.bunuel/MOHID-Lagrangian-new2/MOHID-Lagrangian/ExternalLibs/Proj4/Linux/proj4-fortran/missing aclocal-1.16'
AMDEPBACKSLASH='\'
AMDEP_FALSE='#'
AMDEP_TRUE=''
AMTAR='$${TAR-tar}'
AM_BACKSLASH='\'
AM_DEFAULT_V='$(AM_DEFAULT_VERBOSITY)'
AM_DEFAULT_VERBOSITY='1'
AM_V='$(V)'
AUTOCONF='${SHELL} /home/arnau.bunuel/MOHID-Lagrangian-new2/MOHID-Lagrangian/ExternalLibs/Proj4/Linux/proj4-fortran/missing autoconf'
AUTOHEADER='${SHELL} /home/arnau.bunuel/MOHID-Lagrangian-new2/MOHID-Lagrangian/ExternalLibs/Proj4/Linux/proj4-fortran/missing autoheader'
AUTOMAKE='${SHELL} /home/arnau.bunuel/MOHID-Lagrangian-new2/MOHID-Lagrangian/ExternalLibs/Proj4/Linux/proj4-fortran/missing automake-1.16'
AWK='gawk'
CC='/usr/bin/gcc'
CCDEPMODE='depmode=gcc3'
CFLAGS='-O3 -fPIC'
CPPFLAGS='-I/home/arnau.bunuel/MOHID-Lagrangian-new2/MOHID-Lagrangian/ExternalLibs/HDF5_1.8.17_x64/Linux/hdf5/include -I/home/arnau.bunuel/MOHID-Lagrangian-new2/MOHID-Lagrangian/ExternalLibs/zlib-1.2.11/build/include -I/home/arnau.bunuel/MOHID-Lagrangian-new2/MOHID-Lagrangian/ExternalLibs/Netcdf_4.4.1.1/Linux/build/include -I/home/arnau.bunuel/MOHID-Lagrangian-new2/MOHID-Lagrangian/ExternalLibs/Proj4/Linux/proj-4.9.3/build/include'
CYGPATH_W='echo'
DEFS='-DPACKAGE_NAME=\"libfproj4\" -DPACKAGE_TARNAME=\"libfproj4\" -DPACKAGE_VERSION=\"1.0\" -DPACKAGE_STRING=\"libfproj4\ 1.0\" -DPACKAGE_BUGREPORT=\"Magnus.Hagdorn@ed.ac.uk\" -DPACKAGE_URL=\"\" -DPACKAGE=\"libfproj4\" -DVERSION=\"1.0\" -DHAVE_LIBM=1 -DHAVE_LIBPROJ=1'
DEPDIR='.deps'
ECHO_C=''
ECHO_N='-n'
ECHO_T=''
EXEEXT=''
FC='/usr/bin/gfortran'
FCFLAGS='-O3'
FCFLAGS_f90=''
INSTALL_DATA='${INSTALL} -m 644'
INSTALL_PROGRAM='${INSTALL}'
INSTALL_SCRIPT='${INSTALL}'
INSTALL_STRIP_PROGRAM='$(install_sh) -c -s'
LDFLAGS='-L/home/arnau.bunuel/MOHID-Lagrangian-new2/MOHID-Lagrangian/ExternalLibs/HDF5_1.8.17_x64/Linux/hdf5/lib -L/home/arnau.bunuel/MOHID-Lagrangian-new2/MOHID-Lagrangian/ExternalLibs/zlib-1.2.11/build/lib -L/home/arnau.bunuel/MOHID-Lagrangian-new2/MOHID-Lagrangian/ExternalLibs/Netcdf_4.4.1.1/Linux/build/lib -L/home/arnau.bunuel/MOHID-Lagrangian-new2/MOHID-Lagrangian/ExternalLibs/Proj4/Linux/proj-4.9.3/build/lib'
LIBOBJS=''
LIBS='-lproj -lm '
LTLIBOBJS=''
MAKEINFO='${SHELL} /home/arnau.bunuel/MOHID-Lagrangian-new2/MOHID-Lagrangian/ExternalLibs/Proj4/Linux/proj4-fortran/missing makeinfo'
MKDIR_P='/usr/bin/mkdir -p'
OBJEXT='o'
PACKAGE='libfproj4'
PACKAGE_BUGREPORT='Magnus.Hagdorn@ed.ac.uk'
PACKAGE_NAME='libfproj4'
PACKAGE_STRING='libfproj4 1.0'
PACKAGE_TARNAME='libfproj4'
PACKAGE_URL=''
PACKAGE_VERSION='1.0'
PATH_SEPARATOR=':'
RANLIB='ranlib'
SET_MAKE=''
SHELL='/bin/bash'
STRIP=''
VERSION='1.0'
ac_ct_CC='/usr/bin/gcc'
ac_ct_FC=''
am__EXEEXT_FALSE=''
am__EXEEXT_TRUE='#'
am__fastdepCC_FALSE='#'
am__fastdepCC_TRUE=''
am__include='include'
am__isrc=''
am__leading_dot='.'
am__nodep='_no'
am__quote=''
am__tar='$${TAR-tar} chof - "$$tardir"'
am__untar='$${TAR-tar} xf -'
bindir='${exec_prefix}/bin'
build_alias=''
datadir='${datarootdir}'
datarootdir='${prefix}/share'
docdir='${datarootdir}/doc/${PACKAGE_TARNAME}'
dvidir='${docdir}'
exec_prefix='${prefix}'
host_alias=''
htmldir='${docdir}'
includedir='${prefix}/include'
infodir='${datarootdir}/info'
install_sh='${SHELL} /home/arnau.bunuel/MOHID-Lagrangian-new2/MOHID-Lagrangian/ExternalLibs/Proj4/Linux/proj4-fortran/install-sh'
libdir='${exec_prefix}/lib'
libexecdir='${exec_prefix}/libexec'
localedir='${datarootdir}/locale'
localstatedir='${prefix}/var'
mandir='${datarootdir}/man'
mkdir_p='$(MKDIR_P)'
oldincludedir='/usr/include'
pdfdir='${docdir}'
prefix='/home/arnau.bunuel/MOHID-Lagrangian-new2/MOHID-Lagrangian/ExternalLibs/Proj4/Linux/proj4-fortran/build'
program_transform_name='s,x,x,'
psdir='${docdir}'
runstatedir='${localstatedir}/run'
sbindir='${exec_prefix}/sbin'
sharedstatedir='${prefix}/com'
sysconfdir='${prefix}/etc'
target_alias=''

## ----------- ##
## confdefs.h. ##
## ----------- ##

/* confdefs.h */
#define PACKAGE_NAME "libfproj4"
#define PACKAGE_TARNAME "libfproj4"
#define PACKAGE_VERSION "1.0"
#define PACKAGE_STRING "libfproj4 1.0"
#define PACKAGE_BUGREPORT "Magnus.Hagdorn@ed.ac.uk"
#define PACKAGE_URL ""
#define PACKAGE "libfproj4"
#define VERSION "1.0"
#define HAVE_LIBM 1
#define HAVE_LIBPROJ 1

configure: exit 0
